[2024-10-29 18:53:10:3270][main] INFO  z.weather.WeatherApplication - Starting WeatherApplication using Java 17.0.10 with PID 29004 (C:\dev\zerobase\weather\build\classes\java\main started by khjin in C:\dev\zerobase\weather)
[2024-10-29 18:53:10:3295][main] INFO  z.weather.WeatherApplication - No active profile set, falling back to 1 default profile: "default"
[2024-10-29 18:53:14:7043][main] INFO  o.s.d.r.c.RepositoryConfigurationDelegate - Bootstrapping Spring Data JPA repositories in DEFAULT mode.
[2024-10-29 18:53:14:7440][main] INFO  o.s.d.r.c.RepositoryConfigurationDelegate - Finished Spring Data repository scanning in 354 ms. Found 3 JPA repository interfaces.
[2024-10-29 18:53:17:10094][main] INFO  o.s.b.w.e.tomcat.TomcatWebServer - Tomcat initialized with port 8080 (http)
[2024-10-29 18:53:17:10134][main] INFO  o.a.coyote.http11.Http11NioProtocol - Initializing ProtocolHandler ["http-nio-8080"]
[2024-10-29 18:53:17:10148][main] INFO  o.a.catalina.core.StandardService - Starting service [Tomcat]
[2024-10-29 18:53:17:10149][main] INFO  o.a.catalina.core.StandardEngine - Starting Servlet engine: [Apache Tomcat/10.1.30]
[2024-10-29 18:53:18:10605][main] INFO  o.a.c.c.C.[Tomcat].[localhost].[/] - Initializing Spring embedded WebApplicationContext
[2024-10-29 18:53:18:10608][main] INFO  o.s.b.w.s.c.ServletWebServerApplicationContext - Root WebApplicationContext: initialization completed in 7009 ms
[2024-10-29 18:53:18:11258][main] INFO  com.zaxxer.hikari.HikariDataSource - HikariPool-1 - Starting...
[2024-10-29 18:53:19:11770][main] INFO  com.zaxxer.hikari.pool.HikariPool - HikariPool-1 - Added connection org.mariadb.jdbc.Connection@422ad5e2
[2024-10-29 18:53:19:11781][main] INFO  com.zaxxer.hikari.HikariDataSource - HikariPool-1 - Start completed.
[2024-10-29 18:53:19:12018][main] INFO  o.h.jpa.internal.util.LogHelper - HHH000204: Processing PersistenceUnitInfo [name: default]
[2024-10-29 18:53:19:12424][main] INFO  org.hibernate.Version - HHH000412: Hibernate ORM core version 6.5.3.Final
[2024-10-29 18:53:20:12591][main] INFO  o.h.c.i.RegionFactoryInitiator - HHH000026: Second-level cache disabled
[2024-10-29 18:53:21:14079][main] INFO  o.s.o.j.p.SpringPersistenceUnitInfo - No LoadTimeWeaver setup: ignoring JPA class transformer
[2024-10-29 18:53:21:14300][main] WARN  org.hibernate.orm.deprecation - HHH90000025: MySQLDialect does not need to be specified explicitly using 'hibernate.dialect' (remove the property setting and it will be selected by default)
[2024-10-29 18:53:25:17507][main] INFO  o.h.e.t.j.p.i.JtaPlatformInitiator - HHH000489: No JTA platform available (set 'hibernate.transaction.jta.platform' to enable JTA platform integration)
[2024-10-29 18:53:25:17514][main] INFO  o.s.o.j.LocalContainerEntityManagerFactoryBean - Initialized JPA EntityManagerFactory for persistence unit 'default'
[2024-10-29 18:53:27:19537][main] WARN  o.s.b.a.o.j.JpaBaseConfiguration$JpaWebConfiguration - spring.jpa.open-in-view is enabled by default. Therefore, database queries may be performed during view rendering. Explicitly configure spring.jpa.open-in-view to disable this warning
[2024-10-29 18:53:28:20925][main] INFO  o.a.coyote.http11.Http11NioProtocol - Starting ProtocolHandler ["http-nio-8080"]
[2024-10-29 18:53:28:20990][main] INFO  o.s.b.w.e.tomcat.TomcatWebServer - Tomcat started on port 8080 (http) with context path '/'
[2024-10-29 18:53:28:21032][main] INFO  z.weather.WeatherApplication - Started WeatherApplication in 20.348 seconds (process running for 21.76)
[2024-10-29 18:55:44:156605][http-nio-8080-exec-1] INFO  o.a.c.c.C.[Tomcat].[localhost].[/] - Initializing Spring DispatcherServlet 'dispatcherServlet'
[2024-10-29 18:55:44:156606][http-nio-8080-exec-1] INFO  o.s.web.servlet.DispatcherServlet - Initializing Servlet 'dispatcherServlet'
[2024-10-29 18:55:44:156627][http-nio-8080-exec-1] INFO  o.s.web.servlet.DispatcherServlet - Completed initialization in 16 ms
[2024-10-29 18:56:04:177470][http-nio-8080-exec-3] WARN  o.s.w.s.m.s.DefaultHandlerExceptionResolver - Resolved [org.springframework.web.method.annotation.MethodArgumentTypeMismatchException: Failed to convert value of type 'java.lang.String' to required type 'java.time.LocalDate'; Failed to convert from type [java.lang.String] to type [@org.springframework.web.bind.annotation.RequestParam @org.springframework.format.annotation.DateTimeFormat java.time.LocalDate] for value [ㅓㅏㅗㅓㅣㅓㅣㅣㅏ]]
[2024-10-29 18:56:29:202122][http-nio-8080-exec-5] WARN  o.s.w.s.m.s.DefaultHandlerExceptionResolver - Resolved [org.springframework.web.method.annotation.MethodArgumentTypeMismatchException: Failed to convert value of type 'java.lang.String' to required type 'java.time.LocalDate'; Failed to convert from type [java.lang.String] to type [@org.springframework.web.bind.annotation.RequestParam @org.springframework.format.annotation.DateTimeFormat java.time.LocalDate] for value [asjkdkaskdj]]
[2024-10-29 18:59:29:3363][main] INFO  z.weather.WeatherApplication - Starting WeatherApplication using Java 17.0.10 with PID 22860 (C:\dev\zerobase\weather\build\classes\java\main started by khjin in C:\dev\zerobase\weather)
[2024-10-29 18:59:29:3375][main] INFO  z.weather.WeatherApplication - No active profile set, falling back to 1 default profile: "default"
[2024-10-29 18:59:32:7094][main] INFO  o.s.d.r.c.RepositoryConfigurationDelegate - Bootstrapping Spring Data JPA repositories in DEFAULT mode.
[2024-10-29 18:59:33:7411][main] INFO  o.s.d.r.c.RepositoryConfigurationDelegate - Finished Spring Data repository scanning in 258 ms. Found 3 JPA repository interfaces.
[2024-10-29 18:59:36:10355][main] INFO  o.s.b.w.e.tomcat.TomcatWebServer - Tomcat initialized with port 8080 (http)
[2024-10-29 18:59:36:10394][main] INFO  o.a.coyote.http11.Http11NioProtocol - Initializing ProtocolHandler ["http-nio-8080"]
[2024-10-29 18:59:36:10410][main] INFO  o.a.catalina.core.StandardService - Starting service [Tomcat]
[2024-10-29 18:59:36:10411][main] INFO  o.a.catalina.core.StandardEngine - Starting Servlet engine: [Apache Tomcat/10.1.30]
[2024-10-29 18:59:36:11114][main] INFO  o.a.c.c.C.[Tomcat].[localhost].[/] - Initializing Spring embedded WebApplicationContext
[2024-10-29 18:59:37:11141][main] INFO  o.s.b.w.s.c.ServletWebServerApplicationContext - Root WebApplicationContext: initialization completed in 7439 ms
[2024-10-29 18:59:38:12333][main] INFO  com.zaxxer.hikari.HikariDataSource - HikariPool-1 - Starting...
[2024-10-29 18:59:38:12969][main] INFO  com.zaxxer.hikari.pool.HikariPool - HikariPool-1 - Added connection org.mariadb.jdbc.Connection@317890ea
[2024-10-29 18:59:38:12977][main] INFO  com.zaxxer.hikari.HikariDataSource - HikariPool-1 - Start completed.
[2024-10-29 18:59:39:13235][main] INFO  o.h.jpa.internal.util.LogHelper - HHH000204: Processing PersistenceUnitInfo [name: default]
[2024-10-29 18:59:39:13626][main] INFO  org.hibernate.Version - HHH000412: Hibernate ORM core version 6.5.3.Final
[2024-10-29 18:59:39:13828][main] INFO  o.h.c.i.RegionFactoryInitiator - HHH000026: Second-level cache disabled
[2024-10-29 18:59:41:15738][main] INFO  o.s.o.j.p.SpringPersistenceUnitInfo - No LoadTimeWeaver setup: ignoring JPA class transformer
[2024-10-29 18:59:41:15936][main] WARN  org.hibernate.orm.deprecation - HHH90000025: MySQLDialect does not need to be specified explicitly using 'hibernate.dialect' (remove the property setting and it will be selected by default)
[2024-10-29 18:59:45:19907][main] INFO  o.h.e.t.j.p.i.JtaPlatformInitiator - HHH000489: No JTA platform available (set 'hibernate.transaction.jta.platform' to enable JTA platform integration)
[2024-10-29 18:59:45:19919][main] INFO  o.s.o.j.LocalContainerEntityManagerFactoryBean - Initialized JPA EntityManagerFactory for persistence unit 'default'
[2024-10-29 18:59:47:22007][main] WARN  o.s.b.a.o.j.JpaBaseConfiguration$JpaWebConfiguration - spring.jpa.open-in-view is enabled by default. Therefore, database queries may be performed during view rendering. Explicitly configure spring.jpa.open-in-view to disable this warning
[2024-10-29 18:59:49:24010][main] INFO  o.a.coyote.http11.Http11NioProtocol - Starting ProtocolHandler ["http-nio-8080"]
[2024-10-29 18:59:50:24208][main] INFO  o.s.b.w.e.tomcat.TomcatWebServer - Tomcat started on port 8080 (http) with context path '/'
[2024-10-29 18:59:50:24322][main] INFO  z.weather.WeatherApplication - Started WeatherApplication in 23.348 seconds (process running for 25.289)
[2024-10-29 18:59:57:32025][http-nio-8080-exec-2] INFO  o.a.c.c.C.[Tomcat].[localhost].[/] - Initializing Spring DispatcherServlet 'dispatcherServlet'
[2024-10-29 18:59:57:32027][http-nio-8080-exec-2] INFO  o.s.web.servlet.DispatcherServlet - Initializing Servlet 'dispatcherServlet'
[2024-10-29 18:59:57:32030][http-nio-8080-exec-2] INFO  o.s.web.servlet.DispatcherServlet - Completed initialization in 3 ms
[2024-10-29 18:59:58:32243][http-nio-8080-exec-2] WARN  o.s.w.s.m.s.DefaultHandlerExceptionResolver - Resolved [org.springframework.web.method.annotation.MethodArgumentTypeMismatchException: Failed to convert value of type 'java.lang.String' to required type 'java.time.LocalDate'; Failed to convert from type [java.lang.String] to type [@org.springframework.web.bind.annotation.RequestParam @org.springframework.format.annotation.DateTimeFormat java.time.LocalDate] for value [asjkdkaskdj]]
[2024-10-29 19:06:55:3269][main] INFO  z.weather.WeatherApplication - Starting WeatherApplication using Java 17.0.10 with PID 6168 (C:\dev\zerobase\weather\build\classes\java\main started by khjin in C:\dev\zerobase\weather)
[2024-10-29 19:06:55:3276][main] INFO  z.weather.WeatherApplication - No active profile set, falling back to 1 default profile: "default"
[2024-10-29 19:06:58:6465][main] INFO  o.s.d.r.c.RepositoryConfigurationDelegate - Bootstrapping Spring Data JPA repositories in DEFAULT mode.
[2024-10-29 19:06:58:6845][main] INFO  o.s.d.r.c.RepositoryConfigurationDelegate - Finished Spring Data repository scanning in 346 ms. Found 3 JPA repository interfaces.
[2024-10-29 19:07:02:10324][main] INFO  o.s.b.w.e.tomcat.TomcatWebServer - Tomcat initialized with port 8080 (http)
[2024-10-29 19:07:02:10356][main] INFO  o.a.coyote.http11.Http11NioProtocol - Initializing ProtocolHandler ["http-nio-8080"]
[2024-10-29 19:07:02:10369][main] INFO  o.a.catalina.core.StandardService - Starting service [Tomcat]
[2024-10-29 19:07:02:10370][main] INFO  o.a.catalina.core.StandardEngine - Starting Servlet engine: [Apache Tomcat/10.1.30]
[2024-10-29 19:07:02:10710][main] INFO  o.a.c.c.C.[Tomcat].[localhost].[/] - Initializing Spring embedded WebApplicationContext
[2024-10-29 19:07:02:10713][main] INFO  o.s.b.w.s.c.ServletWebServerApplicationContext - Root WebApplicationContext: initialization completed in 7074 ms
[2024-10-29 19:07:03:11241][main] INFO  com.zaxxer.hikari.HikariDataSource - HikariPool-1 - Starting...
[2024-10-29 19:07:03:11653][main] INFO  com.zaxxer.hikari.pool.HikariPool - HikariPool-1 - Added connection org.mariadb.jdbc.Connection@6f25bf88
[2024-10-29 19:07:03:11660][main] INFO  com.zaxxer.hikari.HikariDataSource - HikariPool-1 - Start completed.
[2024-10-29 19:07:03:11882][main] INFO  o.h.jpa.internal.util.LogHelper - HHH000204: Processing PersistenceUnitInfo [name: default]
[2024-10-29 19:07:04:12247][main] INFO  org.hibernate.Version - HHH000412: Hibernate ORM core version 6.5.3.Final
[2024-10-29 19:07:04:12516][main] INFO  o.h.c.i.RegionFactoryInitiator - HHH000026: Second-level cache disabled
[2024-10-29 19:07:06:14651][main] INFO  o.s.o.j.p.SpringPersistenceUnitInfo - No LoadTimeWeaver setup: ignoring JPA class transformer
[2024-10-29 19:07:06:14931][main] WARN  org.hibernate.orm.deprecation - HHH90000025: MySQLDialect does not need to be specified explicitly using 'hibernate.dialect' (remove the property setting and it will be selected by default)
[2024-10-29 19:07:10:18676][main] INFO  o.h.e.t.j.p.i.JtaPlatformInitiator - HHH000489: No JTA platform available (set 'hibernate.transaction.jta.platform' to enable JTA platform integration)
[2024-10-29 19:07:10:18689][main] INFO  o.s.o.j.LocalContainerEntityManagerFactoryBean - Initialized JPA EntityManagerFactory for persistence unit 'default'
[2024-10-29 19:07:13:21980][main] WARN  o.s.b.a.o.j.JpaBaseConfiguration$JpaWebConfiguration - spring.jpa.open-in-view is enabled by default. Therefore, database queries may be performed during view rendering. Explicitly configure spring.jpa.open-in-view to disable this warning
[2024-10-29 19:07:16:24116][main] INFO  o.a.coyote.http11.Http11NioProtocol - Starting ProtocolHandler ["http-nio-8080"]
[2024-10-29 19:07:16:24385][main] INFO  o.s.b.w.e.tomcat.TomcatWebServer - Tomcat started on port 8080 (http) with context path '/'
[2024-10-29 19:07:16:24429][main] INFO  z.weather.WeatherApplication - Started WeatherApplication in 23.604 seconds (process running for 25.191)
[2024-10-29 19:07:28:36489][http-nio-8080-exec-1] INFO  o.a.c.c.C.[Tomcat].[localhost].[/] - Initializing Spring DispatcherServlet 'dispatcherServlet'
[2024-10-29 19:07:28:36490][http-nio-8080-exec-1] INFO  o.s.web.servlet.DispatcherServlet - Initializing Servlet 'dispatcherServlet'
[2024-10-29 19:07:28:36493][http-nio-8080-exec-1] INFO  o.s.web.servlet.DispatcherServlet - Completed initialization in 2 ms
[2024-10-29 19:07:28:36875][http-nio-8080-exec-1] WARN  o.s.w.s.m.s.DefaultHandlerExceptionResolver - Resolved [org.springframework.web.method.annotation.MethodArgumentTypeMismatchException: Failed to convert value of type 'java.lang.String' to required type 'java.time.LocalDate'; Failed to convert from type [java.lang.String] to type [@org.springframework.web.bind.annotation.RequestParam @org.springframework.format.annotation.DateTimeFormat java.time.LocalDate] for value [asjkdkaskdj]]
[2024-10-29 19:09:29:3802][main] INFO  z.weather.WeatherApplication - Starting WeatherApplication using Java 17.0.10 with PID 24444 (C:\dev\zerobase\weather\build\classes\java\main started by khjin in C:\dev\zerobase\weather)
[2024-10-29 19:09:29:3819][main] INFO  z.weather.WeatherApplication - No active profile set, falling back to 1 default profile: "default"
[2024-10-29 19:09:32:6532][main] INFO  o.s.d.r.c.RepositoryConfigurationDelegate - Bootstrapping Spring Data JPA repositories in DEFAULT mode.
[2024-10-29 19:09:32:6781][main] INFO  o.s.d.r.c.RepositoryConfigurationDelegate - Finished Spring Data repository scanning in 216 ms. Found 3 JPA repository interfaces.
[2024-10-29 19:09:35:10071][main] INFO  o.s.b.w.e.tomcat.TomcatWebServer - Tomcat initialized with port 8080 (http)
[2024-10-29 19:09:35:10099][main] INFO  o.a.coyote.http11.Http11NioProtocol - Initializing ProtocolHandler ["http-nio-8080"]
[2024-10-29 19:09:35:10112][main] INFO  o.a.catalina.core.StandardService - Starting service [Tomcat]
[2024-10-29 19:09:35:10113][main] INFO  o.a.catalina.core.StandardEngine - Starting Servlet engine: [Apache Tomcat/10.1.30]
[2024-10-29 19:09:36:10393][main] INFO  o.a.c.c.C.[Tomcat].[localhost].[/] - Initializing Spring embedded WebApplicationContext
[2024-10-29 19:09:36:10396][main] INFO  o.s.b.w.s.c.ServletWebServerApplicationContext - Root WebApplicationContext: initialization completed in 6285 ms
[2024-10-29 19:09:36:10915][main] INFO  com.zaxxer.hikari.HikariDataSource - HikariPool-1 - Starting...
[2024-10-29 19:09:36:11255][main] INFO  com.zaxxer.hikari.pool.HikariPool - HikariPool-1 - Added connection org.mariadb.jdbc.Connection@2c26ba07
[2024-10-29 19:09:36:11262][main] INFO  com.zaxxer.hikari.HikariDataSource - HikariPool-1 - Start completed.
[2024-10-29 19:09:37:11434][main] INFO  o.h.jpa.internal.util.LogHelper - HHH000204: Processing PersistenceUnitInfo [name: default]
[2024-10-29 19:09:37:11695][main] INFO  org.hibernate.Version - HHH000412: Hibernate ORM core version 6.5.3.Final
[2024-10-29 19:09:37:11825][main] INFO  o.h.c.i.RegionFactoryInitiator - HHH000026: Second-level cache disabled
[2024-10-29 19:09:38:13019][main] INFO  o.s.o.j.p.SpringPersistenceUnitInfo - No LoadTimeWeaver setup: ignoring JPA class transformer
[2024-10-29 19:09:38:13286][main] WARN  org.hibernate.orm.deprecation - HHH90000025: MySQLDialect does not need to be specified explicitly using 'hibernate.dialect' (remove the property setting and it will be selected by default)
[2024-10-29 19:09:42:16433][main] INFO  o.h.e.t.j.p.i.JtaPlatformInitiator - HHH000489: No JTA platform available (set 'hibernate.transaction.jta.platform' to enable JTA platform integration)
[2024-10-29 19:09:42:16443][main] INFO  o.s.o.j.LocalContainerEntityManagerFactoryBean - Initialized JPA EntityManagerFactory for persistence unit 'default'
[2024-10-29 19:09:44:18463][main] WARN  o.s.b.a.o.j.JpaBaseConfiguration$JpaWebConfiguration - spring.jpa.open-in-view is enabled by default. Therefore, database queries may be performed during view rendering. Explicitly configure spring.jpa.open-in-view to disable this warning
[2024-10-29 19:09:45:20192][main] INFO  o.a.coyote.http11.Http11NioProtocol - Starting ProtocolHandler ["http-nio-8080"]
[2024-10-29 19:09:46:20435][main] INFO  o.s.b.w.e.tomcat.TomcatWebServer - Tomcat started on port 8080 (http) with context path '/'
[2024-10-29 19:09:46:20507][main] INFO  z.weather.WeatherApplication - Started WeatherApplication in 19.629 seconds (process running for 21.227)
[2024-10-29 19:09:52:27164][http-nio-8080-exec-1] INFO  o.a.c.c.C.[Tomcat].[localhost].[/] - Initializing Spring DispatcherServlet 'dispatcherServlet'
[2024-10-29 19:09:52:27165][http-nio-8080-exec-1] INFO  o.s.web.servlet.DispatcherServlet - Initializing Servlet 'dispatcherServlet'
[2024-10-29 19:09:52:27168][http-nio-8080-exec-1] INFO  o.s.web.servlet.DispatcherServlet - Completed initialization in 2 ms
[2024-10-29 19:09:53:27458][http-nio-8080-exec-1] WARN  o.s.w.s.m.s.DefaultHandlerExceptionResolver - Resolved [org.springframework.web.method.annotation.MethodArgumentTypeMismatchException: Failed to convert value of type 'java.lang.String' to required type 'java.time.LocalDate'; Failed to convert from type [java.lang.String] to type [@org.springframework.web.bind.annotation.RequestParam @org.springframework.format.annotation.DateTimeFormat java.time.LocalDate] for value [asjkdkaskdj]]
[2024-10-29 19:10:43:3045][main] INFO  z.weather.WeatherApplication - Starting WeatherApplication using Java 17.0.10 with PID 25056 (C:\dev\zerobase\weather\build\classes\java\main started by khjin in C:\dev\zerobase\weather)
[2024-10-29 19:10:43:3084][main] INFO  z.weather.WeatherApplication - No active profile set, falling back to 1 default profile: "default"
[2024-10-29 19:10:46:6304][main] INFO  o.s.d.r.c.RepositoryConfigurationDelegate - Bootstrapping Spring Data JPA repositories in DEFAULT mode.
[2024-10-29 19:10:46:6724][main] INFO  o.s.d.r.c.RepositoryConfigurationDelegate - Finished Spring Data repository scanning in 359 ms. Found 3 JPA repository interfaces.
[2024-10-29 19:10:50:10507][main] INFO  o.s.b.w.e.tomcat.TomcatWebServer - Tomcat initialized with port 8080 (http)
[2024-10-29 19:10:50:10545][main] INFO  o.a.coyote.http11.Http11NioProtocol - Initializing ProtocolHandler ["http-nio-8080"]
[2024-10-29 19:10:50:10569][main] INFO  o.a.catalina.core.StandardService - Starting service [Tomcat]
[2024-10-29 19:10:50:10570][main] INFO  o.a.catalina.core.StandardEngine - Starting Servlet engine: [Apache Tomcat/10.1.30]
[2024-10-29 19:10:51:11104][main] INFO  o.a.c.c.C.[Tomcat].[localhost].[/] - Initializing Spring embedded WebApplicationContext
[2024-10-29 19:10:51:11108][main] INFO  o.s.b.w.s.c.ServletWebServerApplicationContext - Root WebApplicationContext: initialization completed in 7752 ms
[2024-10-29 19:10:51:11852][main] INFO  com.zaxxer.hikari.HikariDataSource - HikariPool-1 - Starting...
[2024-10-29 19:10:52:12291][main] INFO  com.zaxxer.hikari.pool.HikariPool - HikariPool-1 - Added connection org.mariadb.jdbc.Connection@2c26ba07
[2024-10-29 19:10:52:12296][main] INFO  com.zaxxer.hikari.HikariDataSource - HikariPool-1 - Start completed.
[2024-10-29 19:10:52:12544][main] INFO  o.h.jpa.internal.util.LogHelper - HHH000204: Processing PersistenceUnitInfo [name: default]
[2024-10-29 19:10:52:12766][main] INFO  org.hibernate.Version - HHH000412: Hibernate ORM core version 6.5.3.Final
[2024-10-29 19:10:53:12918][main] INFO  o.h.c.i.RegionFactoryInitiator - HHH000026: Second-level cache disabled
[2024-10-29 19:10:54:14648][main] INFO  o.s.o.j.p.SpringPersistenceUnitInfo - No LoadTimeWeaver setup: ignoring JPA class transformer
[2024-10-29 19:10:55:14937][main] WARN  org.hibernate.orm.deprecation - HHH90000025: MySQLDialect does not need to be specified explicitly using 'hibernate.dialect' (remove the property setting and it will be selected by default)
[2024-10-29 19:10:58:18173][main] INFO  o.h.e.t.j.p.i.JtaPlatformInitiator - HHH000489: No JTA platform available (set 'hibernate.transaction.jta.platform' to enable JTA platform integration)
[2024-10-29 19:10:58:18180][main] INFO  o.s.o.j.LocalContainerEntityManagerFactoryBean - Initialized JPA EntityManagerFactory for persistence unit 'default'
[2024-10-29 19:11:00:20382][main] WARN  o.s.b.a.o.j.JpaBaseConfiguration$JpaWebConfiguration - spring.jpa.open-in-view is enabled by default. Therefore, database queries may be performed during view rendering. Explicitly configure spring.jpa.open-in-view to disable this warning
[2024-10-29 19:11:02:22017][main] INFO  o.a.coyote.http11.Http11NioProtocol - Starting ProtocolHandler ["http-nio-8080"]
[2024-10-29 19:11:02:22402][main] INFO  o.s.b.w.e.tomcat.TomcatWebServer - Tomcat started on port 8080 (http) with context path '/'
[2024-10-29 19:11:02:22442][main] INFO  z.weather.WeatherApplication - Started WeatherApplication in 21.791 seconds (process running for 23.001)
[2024-10-29 19:11:07:27827][http-nio-8080-exec-2] INFO  o.a.c.c.C.[Tomcat].[localhost].[/] - Initializing Spring DispatcherServlet 'dispatcherServlet'
[2024-10-29 19:11:07:27827][http-nio-8080-exec-2] INFO  o.s.web.servlet.DispatcherServlet - Initializing Servlet 'dispatcherServlet'
[2024-10-29 19:11:07:27830][http-nio-8080-exec-2] INFO  o.s.web.servlet.DispatcherServlet - Completed initialization in 2 ms
[2024-10-29 19:11:08:27992][http-nio-8080-exec-2] WARN  o.s.w.s.m.s.DefaultHandlerExceptionResolver - Resolved [org.springframework.web.method.annotation.MethodArgumentTypeMismatchException: Failed to convert value of type 'java.lang.String' to required type 'java.time.LocalDate'; Failed to convert from type [java.lang.String] to type [@org.springframework.web.bind.annotation.RequestParam @org.springframework.format.annotation.DateTimeFormat java.time.LocalDate] for value [asjkdkaskdj]]
[2024-10-29 19:13:24:2613][main] INFO  z.weather.WeatherApplication - Starting WeatherApplication using Java 17.0.10 with PID 25476 (C:\dev\zerobase\weather\build\classes\java\main started by khjin in C:\dev\zerobase\weather)
[2024-10-29 19:13:24:2625][main] INFO  z.weather.WeatherApplication - No active profile set, falling back to 1 default profile: "default"
[2024-10-29 19:13:27:5701][main] INFO  o.s.d.r.c.RepositoryConfigurationDelegate - Bootstrapping Spring Data JPA repositories in DEFAULT mode.
[2024-10-29 19:13:27:5937][main] INFO  o.s.d.r.c.RepositoryConfigurationDelegate - Finished Spring Data repository scanning in 200 ms. Found 3 JPA repository interfaces.
[2024-10-29 19:13:30:8560][main] INFO  o.s.b.w.e.tomcat.TomcatWebServer - Tomcat initialized with port 8080 (http)
[2024-10-29 19:13:30:8595][main] INFO  o.a.coyote.http11.Http11NioProtocol - Initializing ProtocolHandler ["http-nio-8080"]
[2024-10-29 19:13:30:8610][main] INFO  o.a.catalina.core.StandardService - Starting service [Tomcat]
[2024-10-29 19:13:30:8611][main] INFO  o.a.catalina.core.StandardEngine - Starting Servlet engine: [Apache Tomcat/10.1.30]
[2024-10-29 19:13:30:8953][main] INFO  o.a.c.c.C.[Tomcat].[localhost].[/] - Initializing Spring embedded WebApplicationContext
[2024-10-29 19:13:30:8956][main] INFO  o.s.b.w.s.c.ServletWebServerApplicationContext - Root WebApplicationContext: initialization completed in 6094 ms
[2024-10-29 19:13:31:9739][main] INFO  com.zaxxer.hikari.HikariDataSource - HikariPool-1 - Starting...
[2024-10-29 19:13:32:10495][main] INFO  com.zaxxer.hikari.pool.HikariPool - HikariPool-1 - Added connection org.mariadb.jdbc.Connection@317890ea
[2024-10-29 19:13:32:10506][main] INFO  com.zaxxer.hikari.HikariDataSource - HikariPool-1 - Start completed.
[2024-10-29 19:13:32:10810][main] INFO  o.h.jpa.internal.util.LogHelper - HHH000204: Processing PersistenceUnitInfo [name: default]
[2024-10-29 19:13:32:11208][main] INFO  org.hibernate.Version - HHH000412: Hibernate ORM core version 6.5.3.Final
[2024-10-29 19:13:32:11364][main] INFO  o.h.c.i.RegionFactoryInitiator - HHH000026: Second-level cache disabled
[2024-10-29 19:13:34:12651][main] INFO  o.s.o.j.p.SpringPersistenceUnitInfo - No LoadTimeWeaver setup: ignoring JPA class transformer
[2024-10-29 19:13:34:12857][main] WARN  org.hibernate.orm.deprecation - HHH90000025: MySQLDialect does not need to be specified explicitly using 'hibernate.dialect' (remove the property setting and it will be selected by default)
[2024-10-29 19:13:37:16270][main] INFO  o.h.e.t.j.p.i.JtaPlatformInitiator - HHH000489: No JTA platform available (set 'hibernate.transaction.jta.platform' to enable JTA platform integration)
[2024-10-29 19:13:37:16284][main] INFO  o.s.o.j.LocalContainerEntityManagerFactoryBean - Initialized JPA EntityManagerFactory for persistence unit 'default'
[2024-10-29 19:13:40:18712][main] WARN  o.s.b.a.o.j.JpaBaseConfiguration$JpaWebConfiguration - spring.jpa.open-in-view is enabled by default. Therefore, database queries may be performed during view rendering. Explicitly configure spring.jpa.open-in-view to disable this warning
[2024-10-29 19:13:42:20871][main] INFO  o.a.coyote.http11.Http11NioProtocol - Starting ProtocolHandler ["http-nio-8080"]
[2024-10-29 19:13:42:21049][main] INFO  o.s.b.w.e.tomcat.TomcatWebServer - Tomcat started on port 8080 (http) with context path '/'
[2024-10-29 19:13:42:21211][main] INFO  z.weather.WeatherApplication - Started WeatherApplication in 20.46 seconds (process running for 21.978)
[2024-10-29 19:14:04:42663][http-nio-8080-exec-2] INFO  o.a.c.c.C.[Tomcat].[localhost].[/] - Initializing Spring DispatcherServlet 'dispatcherServlet'
[2024-10-29 19:14:04:42664][http-nio-8080-exec-2] INFO  o.s.web.servlet.DispatcherServlet - Initializing Servlet 'dispatcherServlet'
[2024-10-29 19:14:04:42667][http-nio-8080-exec-2] INFO  o.s.web.servlet.DispatcherServlet - Completed initialization in 3 ms
[2024-10-29 19:14:04:42906][http-nio-8080-exec-2] ERROR o.a.c.c.C.[.[.[.[dispatcherServlet] - Servlet.service() for servlet [dispatcherServlet] in context with path [] threw exception [Request processing failed: zerobase.weather.error.InvalidDate: 너무 과거 혹은 미래의 날짜입니다.] with root cause
zerobase.weather.error.InvalidDate: 너무 과거 혹은 미래의 날짜입니다.
	at zerobase.weather.service.DiaryService.readDiary(DiaryService.java:104)
	at java.base/jdk.internal.reflect.NativeMethodAccessorImpl.invoke0(Native Method)
	at java.base/jdk.internal.reflect.NativeMethodAccessorImpl.invoke(NativeMethodAccessorImpl.java:77)
	at java.base/jdk.internal.reflect.DelegatingMethodAccessorImpl.invoke(DelegatingMethodAccessorImpl.java:43)
	at java.base/java.lang.reflect.Method.invoke(Method.java:568)
	at org.springframework.aop.support.AopUtils.invokeJoinpointUsingReflection(AopUtils.java:355)
	at org.springframework.aop.framework.ReflectiveMethodInvocation.invokeJoinpoint(ReflectiveMethodInvocation.java:196)
	at org.springframework.aop.framework.ReflectiveMethodInvocation.proceed(ReflectiveMethodInvocation.java:163)
	at org.springframework.aop.framework.CglibAopProxy$CglibMethodInvocation.proceed(CglibAopProxy.java:768)
	at org.springframework.transaction.interceptor.TransactionAspectSupport.invokeWithinTransaction(TransactionAspectSupport.java:379)
	at org.springframework.transaction.interceptor.TransactionInterceptor.invoke(TransactionInterceptor.java:119)
	at org.springframework.aop.framework.ReflectiveMethodInvocation.proceed(ReflectiveMethodInvocation.java:184)
	at org.springframework.aop.framework.CglibAopProxy$CglibMethodInvocation.proceed(CglibAopProxy.java:768)
	at org.springframework.aop.framework.CglibAopProxy$DynamicAdvisedInterceptor.intercept(CglibAopProxy.java:720)
	at zerobase.weather.service.DiaryService$$SpringCGLIB$$0.readDiary(<generated>)
	at zerobase.weather.controller.DiaryController.readDiary(DiaryController.java:30)
	at java.base/jdk.internal.reflect.NativeMethodAccessorImpl.invoke0(Native Method)
	at java.base/jdk.internal.reflect.NativeMethodAccessorImpl.invoke(NativeMethodAccessorImpl.java:77)
	at java.base/jdk.internal.reflect.DelegatingMethodAccessorImpl.invoke(DelegatingMethodAccessorImpl.java:43)
	at java.base/java.lang.reflect.Method.invoke(Method.java:568)
	at org.springframework.web.method.support.InvocableHandlerMethod.doInvoke(InvocableHandlerMethod.java:255)
	at org.springframework.web.method.support.InvocableHandlerMethod.invokeForRequest(InvocableHandlerMethod.java:188)
	at org.springframework.web.servlet.mvc.method.annotation.ServletInvocableHandlerMethod.invokeAndHandle(ServletInvocableHandlerMethod.java:118)
	at org.springframework.web.servlet.mvc.method.annotation.RequestMappingHandlerAdapter.invokeHandlerMethod(RequestMappingHandlerAdapter.java:926)
	at org.springframework.web.servlet.mvc.method.annotation.RequestMappingHandlerAdapter.handleInternal(RequestMappingHandlerAdapter.java:831)
	at org.springframework.web.servlet.mvc.method.AbstractHandlerMethodAdapter.handle(AbstractHandlerMethodAdapter.java:87)
	at org.springframework.web.servlet.DispatcherServlet.doDispatch(DispatcherServlet.java:1089)
	at org.springframework.web.servlet.DispatcherServlet.doService(DispatcherServlet.java:979)
	at org.springframework.web.servlet.FrameworkServlet.processRequest(FrameworkServlet.java:1014)
	at org.springframework.web.servlet.FrameworkServlet.doGet(FrameworkServlet.java:903)
	at jakarta.servlet.http.HttpServlet.service(HttpServlet.java:564)
	at org.springframework.web.servlet.FrameworkServlet.service(FrameworkServlet.java:885)
	at jakarta.servlet.http.HttpServlet.service(HttpServlet.java:658)
	at org.apache.catalina.core.ApplicationFilterChain.internalDoFilter(ApplicationFilterChain.java:195)
	at org.apache.catalina.core.ApplicationFilterChain.doFilter(ApplicationFilterChain.java:140)
	at org.apache.tomcat.websocket.server.WsFilter.doFilter(WsFilter.java:51)
	at org.apache.catalina.core.ApplicationFilterChain.internalDoFilter(ApplicationFilterChain.java:164)
	at org.apache.catalina.core.ApplicationFilterChain.doFilter(ApplicationFilterChain.java:140)
	at org.springframework.web.filter.RequestContextFilter.doFilterInternal(RequestContextFilter.java:100)
	at org.springframework.web.filter.OncePerRequestFilter.doFilter(OncePerRequestFilter.java:116)
	at org.apache.catalina.core.ApplicationFilterChain.internalDoFilter(ApplicationFilterChain.java:164)
	at org.apache.catalina.core.ApplicationFilterChain.doFilter(ApplicationFilterChain.java:140)
	at org.springframework.web.filter.FormContentFilter.doFilterInternal(FormContentFilter.java:93)
	at org.springframework.web.filter.OncePerRequestFilter.doFilter(OncePerRequestFilter.java:116)
	at org.apache.catalina.core.ApplicationFilterChain.internalDoFilter(ApplicationFilterChain.java:164)
	at org.apache.catalina.core.ApplicationFilterChain.doFilter(ApplicationFilterChain.java:140)
	at org.springframework.web.filter.CharacterEncodingFilter.doFilterInternal(CharacterEncodingFilter.java:201)
	at org.springframework.web.filter.OncePerRequestFilter.doFilter(OncePerRequestFilter.java:116)
	at org.apache.catalina.core.ApplicationFilterChain.internalDoFilter(ApplicationFilterChain.java:164)
	at org.apache.catalina.core.ApplicationFilterChain.doFilter(ApplicationFilterChain.java:140)
	at org.apache.catalina.core.StandardWrapperValve.invoke(StandardWrapperValve.java:167)
	at org.apache.catalina.core.StandardContextValve.invoke(StandardContextValve.java:90)
	at org.apache.catalina.authenticator.AuthenticatorBase.invoke(AuthenticatorBase.java:483)
	at org.apache.catalina.core.StandardHostValve.invoke(StandardHostValve.java:115)
	at org.apache.catalina.valves.ErrorReportValve.invoke(ErrorReportValve.java:93)
	at org.apache.catalina.core.StandardEngineValve.invoke(StandardEngineValve.java:74)
	at org.apache.catalina.connector.CoyoteAdapter.service(CoyoteAdapter.java:344)
	at org.apache.coyote.http11.Http11Processor.service(Http11Processor.java:384)
	at org.apache.coyote.AbstractProcessorLight.process(AbstractProcessorLight.java:63)
	at org.apache.coyote.AbstractProtocol$ConnectionHandler.process(AbstractProtocol.java:905)
	at org.apache.tomcat.util.net.NioEndpoint$SocketProcessor.doRun(NioEndpoint.java:1741)
	at org.apache.tomcat.util.net.SocketProcessorBase.run(SocketProcessorBase.java:52)
	at org.apache.tomcat.util.threads.ThreadPoolExecutor.runWorker(ThreadPoolExecutor.java:1190)
	at org.apache.tomcat.util.threads.ThreadPoolExecutor$Worker.run(ThreadPoolExecutor.java:659)
	at org.apache.tomcat.util.threads.TaskThread$WrappingRunnable.run(TaskThread.java:63)
	at java.base/java.lang.Thread.run(Thread.java:842)
[2024-10-29 19:15:01:99730][http-nio-8080-exec-6] WARN  o.s.w.s.m.s.DefaultHandlerExceptionResolver - Resolved [org.springframework.web.method.annotation.MethodArgumentTypeMismatchException: Failed to convert value of type 'java.lang.String' to required type 'java.time.LocalDate'; Failed to convert from type [java.lang.String] to type [@org.springframework.web.bind.annotation.RequestParam @org.springframework.format.annotation.DateTimeFormat java.time.LocalDate] for value [화ㅏㅗㅓ]]
[2024-10-29 19:16:25:3422][main] INFO  z.weather.WeatherApplication - Starting WeatherApplication using Java 17.0.10 with PID 31008 (C:\dev\zerobase\weather\build\classes\java\main started by khjin in C:\dev\zerobase\weather)
[2024-10-29 19:16:25:3432][main] INFO  z.weather.WeatherApplication - No active profile set, falling back to 1 default profile: "default"
[2024-10-29 19:16:28:6601][main] INFO  o.s.d.r.c.RepositoryConfigurationDelegate - Bootstrapping Spring Data JPA repositories in DEFAULT mode.
[2024-10-29 19:16:28:6886][main] INFO  o.s.d.r.c.RepositoryConfigurationDelegate - Finished Spring Data repository scanning in 244 ms. Found 3 JPA repository interfaces.
[2024-10-29 19:16:31:9783][main] INFO  o.s.b.w.e.tomcat.TomcatWebServer - Tomcat initialized with port 8080 (http)
[2024-10-29 19:16:31:9823][main] INFO  o.a.coyote.http11.Http11NioProtocol - Initializing ProtocolHandler ["http-nio-8080"]
[2024-10-29 19:16:31:9840][main] INFO  o.a.catalina.core.StandardService - Starting service [Tomcat]
[2024-10-29 19:16:31:9841][main] INFO  o.a.catalina.core.StandardEngine - Starting Servlet engine: [Apache Tomcat/10.1.30]
[2024-10-29 19:16:32:10372][main] INFO  o.a.c.c.C.[Tomcat].[localhost].[/] - Initializing Spring embedded WebApplicationContext
[2024-10-29 19:16:32:10382][main] INFO  o.s.b.w.s.c.ServletWebServerApplicationContext - Root WebApplicationContext: initialization completed in 6423 ms
[2024-10-29 19:16:33:11325][main] INFO  com.zaxxer.hikari.HikariDataSource - HikariPool-1 - Starting...
[2024-10-29 19:16:34:12067][main] INFO  com.zaxxer.hikari.pool.HikariPool - HikariPool-1 - Added connection org.mariadb.jdbc.Connection@6909f6be
[2024-10-29 19:16:34:12073][main] INFO  com.zaxxer.hikari.HikariDataSource - HikariPool-1 - Start completed.
[2024-10-29 19:16:34:12258][main] INFO  o.h.jpa.internal.util.LogHelper - HHH000204: Processing PersistenceUnitInfo [name: default]
[2024-10-29 19:16:34:12581][main] INFO  org.hibernate.Version - HHH000412: Hibernate ORM core version 6.5.3.Final
[2024-10-29 19:16:34:12738][main] INFO  o.h.c.i.RegionFactoryInitiator - HHH000026: Second-level cache disabled
[2024-10-29 19:16:36:14088][main] INFO  o.s.o.j.p.SpringPersistenceUnitInfo - No LoadTimeWeaver setup: ignoring JPA class transformer
[2024-10-29 19:16:36:14316][main] WARN  org.hibernate.orm.deprecation - HHH90000025: MySQLDialect does not need to be specified explicitly using 'hibernate.dialect' (remove the property setting and it will be selected by default)
[2024-10-29 19:16:39:17726][main] INFO  o.h.e.t.j.p.i.JtaPlatformInitiator - HHH000489: No JTA platform available (set 'hibernate.transaction.jta.platform' to enable JTA platform integration)
[2024-10-29 19:16:39:17736][main] INFO  o.s.o.j.LocalContainerEntityManagerFactoryBean - Initialized JPA EntityManagerFactory for persistence unit 'default'
[2024-10-29 19:16:41:19041][main] WARN  o.s.b.a.o.j.JpaBaseConfiguration$JpaWebConfiguration - spring.jpa.open-in-view is enabled by default. Therefore, database queries may be performed during view rendering. Explicitly configure spring.jpa.open-in-view to disable this warning
[2024-10-29 19:16:42:20426][main] INFO  o.a.coyote.http11.Http11NioProtocol - Starting ProtocolHandler ["http-nio-8080"]
[2024-10-29 19:16:42:20605][main] INFO  o.s.b.w.e.tomcat.TomcatWebServer - Tomcat started on port 8080 (http) with context path '/'
[2024-10-29 19:16:42:20647][main] INFO  z.weather.WeatherApplication - Started WeatherApplication in 20.022 seconds (process running for 21.287)
[2024-10-29 19:17:06:44891][http-nio-8080-exec-1] INFO  o.a.c.c.C.[Tomcat].[localhost].[/] - Initializing Spring DispatcherServlet 'dispatcherServlet'
[2024-10-29 19:17:06:44891][http-nio-8080-exec-1] INFO  o.s.web.servlet.DispatcherServlet - Initializing Servlet 'dispatcherServlet'
[2024-10-29 19:17:06:44898][http-nio-8080-exec-1] INFO  o.s.web.servlet.DispatcherServlet - Completed initialization in 6 ms
[2024-10-29 20:17:00:4037][main] INFO  z.weather.WeatherApplication - Starting WeatherApplication using Java 17.0.10 with PID 20940 (C:\dev\zerobase\weather\build\classes\java\main started by khjin in C:\dev\zerobase\weather)
[2024-10-29 20:17:01:4044][main] INFO  z.weather.WeatherApplication - No active profile set, falling back to 1 default profile: "default"
[2024-10-29 20:17:04:7903][main] WARN  o.s.b.w.s.c.AnnotationConfigServletWebServerApplicationContext - Exception encountered during context initialization - cancelling refresh attempt: java.lang.TypeNotPresentException: Type javax.servlet.http.HttpServletRequest not present
[2024-10-29 20:17:04:7967][main] INFO  o.s.b.a.l.ConditionEvaluationReportLogger - 

Error starting ApplicationContext. To display the condition evaluation report re-run your application with 'debug' enabled.
[2024-10-29 20:17:05:8084][main] ERROR o.s.boot.SpringApplication - Application run failed
java.lang.TypeNotPresentException: Type javax.servlet.http.HttpServletRequest not present
	at java.base/sun.reflect.generics.factory.CoreReflectionFactory.makeNamedType(CoreReflectionFactory.java:117)
	at java.base/sun.reflect.generics.visitor.Reifier.visitClassTypeSignature(Reifier.java:125)
	at java.base/sun.reflect.generics.tree.ClassTypeSignature.accept(ClassTypeSignature.java:49)
	at java.base/sun.reflect.generics.visitor.Reifier.reifyTypeArguments(Reifier.java:68)
	at java.base/sun.reflect.generics.visitor.Reifier.visitClassTypeSignature(Reifier.java:138)
	at java.base/sun.reflect.generics.tree.ClassTypeSignature.accept(ClassTypeSignature.java:49)
	at java.base/sun.reflect.generics.repository.ClassRepository.computeSuperInterfaces(ClassRepository.java:117)
	at java.base/sun.reflect.generics.repository.ClassRepository.getSuperInterfaces(ClassRepository.java:95)
	at java.base/java.lang.Class.getGenericInterfaces(Class.java:1211)
	at org.springframework.core.ResolvableType.getInterfaces(ResolvableType.java:517)
	at org.springframework.core.ResolvableType.as(ResolvableType.java:465)
	at org.springframework.core.ResolvableType.forClass(ResolvableType.java:1093)
	at org.springframework.plugin.core.config.PluginRegistriesBeanDefinitionRegistrar.getTargetType(PluginRegistriesBeanDefinitionRegistrar.java:101)
	at org.springframework.plugin.core.config.PluginRegistriesBeanDefinitionRegistrar.registerBeanDefinitions(PluginRegistriesBeanDefinitionRegistrar.java:71)
	at org.springframework.context.annotation.ImportBeanDefinitionRegistrar.registerBeanDefinitions(ImportBeanDefinitionRegistrar.java:86)
	at org.springframework.context.annotation.ConfigurationClassBeanDefinitionReader.lambda$loadBeanDefinitionsFromRegistrars$1(ConfigurationClassBeanDefinitionReader.java:376)
	at java.base/java.util.LinkedHashMap.forEach(LinkedHashMap.java:721)
	at org.springframework.context.annotation.ConfigurationClassBeanDefinitionReader.loadBeanDefinitionsFromRegistrars(ConfigurationClassBeanDefinitionReader.java:375)
	at org.springframework.context.annotation.ConfigurationClassBeanDefinitionReader.loadBeanDefinitionsForConfigurationClass(ConfigurationClassBeanDefinitionReader.java:148)
	at org.springframework.context.annotation.ConfigurationClassBeanDefinitionReader.loadBeanDefinitions(ConfigurationClassBeanDefinitionReader.java:120)
	at org.springframework.context.annotation.ConfigurationClassPostProcessor.processConfigBeanDefinitions(ConfigurationClassPostProcessor.java:429)
	at org.springframework.context.annotation.ConfigurationClassPostProcessor.postProcessBeanDefinitionRegistry(ConfigurationClassPostProcessor.java:290)
	at org.springframework.context.support.PostProcessorRegistrationDelegate.invokeBeanDefinitionRegistryPostProcessors(PostProcessorRegistrationDelegate.java:349)
	at org.springframework.context.support.PostProcessorRegistrationDelegate.invokeBeanFactoryPostProcessors(PostProcessorRegistrationDelegate.java:118)
	at org.springframework.context.support.AbstractApplicationContext.invokeBeanFactoryPostProcessors(AbstractApplicationContext.java:789)
	at org.springframework.context.support.AbstractApplicationContext.refresh(AbstractApplicationContext.java:607)
	at org.springframework.boot.web.servlet.context.ServletWebServerApplicationContext.refresh(ServletWebServerApplicationContext.java:146)
	at org.springframework.boot.SpringApplication.refresh(SpringApplication.java:754)
	at org.springframework.boot.SpringApplication.refreshContext(SpringApplication.java:456)
	at org.springframework.boot.SpringApplication.run(SpringApplication.java:335)
	at org.springframework.boot.SpringApplication.run(SpringApplication.java:1363)
	at org.springframework.boot.SpringApplication.run(SpringApplication.java:1352)
	at zerobase.weather.WeatherApplication.main(WeatherApplication.java:14)
Caused by: java.lang.ClassNotFoundException: javax.servlet.http.HttpServletRequest
	at java.base/jdk.internal.loader.BuiltinClassLoader.loadClass(BuiltinClassLoader.java:641)
	at java.base/jdk.internal.loader.ClassLoaders$AppClassLoader.loadClass(ClassLoaders.java:188)
	at java.base/java.lang.ClassLoader.loadClass(ClassLoader.java:520)
	at java.base/java.lang.Class.forName0(Native Method)
	at java.base/java.lang.Class.forName(Class.java:467)
	at java.base/sun.reflect.generics.factory.CoreReflectionFactory.makeNamedType(CoreReflectionFactory.java:114)
	... 32 common frames omitted
[2024-10-29 20:18:12:3635][main] INFO  z.weather.WeatherApplication - Starting WeatherApplication using Java 17.0.10 with PID 32568 (C:\dev\zerobase\weather\build\classes\java\main started by khjin in C:\dev\zerobase\weather)
[2024-10-29 20:18:12:3646][main] INFO  z.weather.WeatherApplication - No active profile set, falling back to 1 default profile: "default"
[2024-10-29 20:18:18:9873][main] WARN  o.s.b.w.s.c.AnnotationConfigServletWebServerApplicationContext - Exception encountered during context initialization - cancelling refresh attempt: java.lang.TypeNotPresentException: Type javax.servlet.http.HttpServletRequest not present
[2024-10-29 20:18:18:9923][main] INFO  o.s.b.a.l.ConditionEvaluationReportLogger - 

Error starting ApplicationContext. To display the condition evaluation report re-run your application with 'debug' enabled.
[2024-10-29 20:18:18:10007][main] ERROR o.s.boot.SpringApplication - Application run failed
java.lang.TypeNotPresentException: Type javax.servlet.http.HttpServletRequest not present
	at java.base/sun.reflect.generics.factory.CoreReflectionFactory.makeNamedType(CoreReflectionFactory.java:117)
	at java.base/sun.reflect.generics.visitor.Reifier.visitClassTypeSignature(Reifier.java:125)
	at java.base/sun.reflect.generics.tree.ClassTypeSignature.accept(ClassTypeSignature.java:49)
	at java.base/sun.reflect.generics.visitor.Reifier.reifyTypeArguments(Reifier.java:68)
	at java.base/sun.reflect.generics.visitor.Reifier.visitClassTypeSignature(Reifier.java:138)
	at java.base/sun.reflect.generics.tree.ClassTypeSignature.accept(ClassTypeSignature.java:49)
	at java.base/sun.reflect.generics.repository.ClassRepository.computeSuperInterfaces(ClassRepository.java:117)
	at java.base/sun.reflect.generics.repository.ClassRepository.getSuperInterfaces(ClassRepository.java:95)
	at java.base/java.lang.Class.getGenericInterfaces(Class.java:1211)
	at org.springframework.core.ResolvableType.getInterfaces(ResolvableType.java:517)
	at org.springframework.core.ResolvableType.as(ResolvableType.java:465)
	at org.springframework.core.ResolvableType.forClass(ResolvableType.java:1093)
	at org.springframework.plugin.core.config.PluginRegistriesBeanDefinitionRegistrar.getTargetType(PluginRegistriesBeanDefinitionRegistrar.java:101)
	at org.springframework.plugin.core.config.PluginRegistriesBeanDefinitionRegistrar.registerBeanDefinitions(PluginRegistriesBeanDefinitionRegistrar.java:71)
	at org.springframework.context.annotation.ImportBeanDefinitionRegistrar.registerBeanDefinitions(ImportBeanDefinitionRegistrar.java:86)
	at org.springframework.context.annotation.ConfigurationClassBeanDefinitionReader.lambda$loadBeanDefinitionsFromRegistrars$1(ConfigurationClassBeanDefinitionReader.java:376)
	at java.base/java.util.LinkedHashMap.forEach(LinkedHashMap.java:721)
	at org.springframework.context.annotation.ConfigurationClassBeanDefinitionReader.loadBeanDefinitionsFromRegistrars(ConfigurationClassBeanDefinitionReader.java:375)
	at org.springframework.context.annotation.ConfigurationClassBeanDefinitionReader.loadBeanDefinitionsForConfigurationClass(ConfigurationClassBeanDefinitionReader.java:148)
	at org.springframework.context.annotation.ConfigurationClassBeanDefinitionReader.loadBeanDefinitions(ConfigurationClassBeanDefinitionReader.java:120)
	at org.springframework.context.annotation.ConfigurationClassPostProcessor.processConfigBeanDefinitions(ConfigurationClassPostProcessor.java:429)
	at org.springframework.context.annotation.ConfigurationClassPostProcessor.postProcessBeanDefinitionRegistry(ConfigurationClassPostProcessor.java:290)
	at org.springframework.context.support.PostProcessorRegistrationDelegate.invokeBeanDefinitionRegistryPostProcessors(PostProcessorRegistrationDelegate.java:349)
	at org.springframework.context.support.PostProcessorRegistrationDelegate.invokeBeanFactoryPostProcessors(PostProcessorRegistrationDelegate.java:118)
	at org.springframework.context.support.AbstractApplicationContext.invokeBeanFactoryPostProcessors(AbstractApplicationContext.java:789)
	at org.springframework.context.support.AbstractApplicationContext.refresh(AbstractApplicationContext.java:607)
	at org.springframework.boot.web.servlet.context.ServletWebServerApplicationContext.refresh(ServletWebServerApplicationContext.java:146)
	at org.springframework.boot.SpringApplication.refresh(SpringApplication.java:754)
	at org.springframework.boot.SpringApplication.refreshContext(SpringApplication.java:456)
	at org.springframework.boot.SpringApplication.run(SpringApplication.java:335)
	at org.springframework.boot.SpringApplication.run(SpringApplication.java:1363)
	at org.springframework.boot.SpringApplication.run(SpringApplication.java:1352)
	at zerobase.weather.WeatherApplication.main(WeatherApplication.java:14)
Caused by: java.lang.ClassNotFoundException: javax.servlet.http.HttpServletRequest
	at java.base/jdk.internal.loader.BuiltinClassLoader.loadClass(BuiltinClassLoader.java:641)
	at java.base/jdk.internal.loader.ClassLoaders$AppClassLoader.loadClass(ClassLoaders.java:188)
	at java.base/java.lang.ClassLoader.loadClass(ClassLoader.java:520)
	at java.base/java.lang.Class.forName0(Native Method)
	at java.base/java.lang.Class.forName(Class.java:467)
	at java.base/sun.reflect.generics.factory.CoreReflectionFactory.makeNamedType(CoreReflectionFactory.java:114)
	... 32 common frames omitted
[2024-10-29 21:28:44:4477][main] INFO  z.weather.WeatherApplication - Starting WeatherApplication using Java 17.0.10 with PID 28564 (C:\dev\zerobase\weather\build\classes\java\main started by khjin in C:\dev\zerobase\weather)
[2024-10-29 21:28:44:4484][main] INFO  z.weather.WeatherApplication - No active profile set, falling back to 1 default profile: "default"
[2024-10-29 21:28:48:8253][main] INFO  o.s.d.r.c.RepositoryConfigurationDelegate - Bootstrapping Spring Data JPA repositories in DEFAULT mode.
[2024-10-29 21:28:48:8511][main] INFO  o.s.d.r.c.RepositoryConfigurationDelegate - Finished Spring Data repository scanning in 217 ms. Found 3 JPA repository interfaces.
[2024-10-29 21:28:52:12228][main] INFO  o.s.b.w.e.tomcat.TomcatWebServer - Tomcat initialized with port 8080 (http)
[2024-10-29 21:28:52:12264][main] INFO  o.a.coyote.http11.Http11NioProtocol - Initializing ProtocolHandler ["http-nio-8080"]
[2024-10-29 21:28:52:12278][main] INFO  o.a.catalina.core.StandardService - Starting service [Tomcat]
[2024-10-29 21:28:52:12279][main] INFO  o.a.catalina.core.StandardEngine - Starting Servlet engine: [Apache Tomcat/10.1.30]
[2024-10-29 21:28:52:12711][main] INFO  o.a.c.c.C.[Tomcat].[localhost].[/] - Initializing Spring embedded WebApplicationContext
[2024-10-29 21:28:52:12714][main] INFO  o.s.b.w.s.c.ServletWebServerApplicationContext - Root WebApplicationContext: initialization completed in 7977 ms
[2024-10-29 21:28:53:13522][main] INFO  com.zaxxer.hikari.HikariDataSource - HikariPool-1 - Starting...
[2024-10-29 21:28:53:14093][main] INFO  com.zaxxer.hikari.pool.HikariPool - HikariPool-1 - Added connection org.mariadb.jdbc.Connection@21a46ff1
[2024-10-29 21:28:53:14102][main] INFO  com.zaxxer.hikari.HikariDataSource - HikariPool-1 - Start completed.
[2024-10-29 21:28:54:14347][main] INFO  o.h.jpa.internal.util.LogHelper - HHH000204: Processing PersistenceUnitInfo [name: default]
[2024-10-29 21:28:54:14662][main] INFO  org.hibernate.Version - HHH000412: Hibernate ORM core version 6.5.3.Final
[2024-10-29 21:28:54:14898][main] INFO  o.h.c.i.RegionFactoryInitiator - HHH000026: Second-level cache disabled
[2024-10-29 21:28:56:16526][main] INFO  o.s.o.j.p.SpringPersistenceUnitInfo - No LoadTimeWeaver setup: ignoring JPA class transformer
[2024-10-29 21:28:56:16784][main] WARN  org.hibernate.orm.deprecation - HHH90000025: MySQLDialect does not need to be specified explicitly using 'hibernate.dialect' (remove the property setting and it will be selected by default)
[2024-10-29 21:28:59:19991][main] INFO  o.h.e.t.j.p.i.JtaPlatformInitiator - HHH000489: No JTA platform available (set 'hibernate.transaction.jta.platform' to enable JTA platform integration)
[2024-10-29 21:28:59:19998][main] INFO  o.s.o.j.LocalContainerEntityManagerFactoryBean - Initialized JPA EntityManagerFactory for persistence unit 'default'
[2024-10-29 21:29:01:22030][main] WARN  o.s.b.a.o.j.JpaBaseConfiguration$JpaWebConfiguration - spring.jpa.open-in-view is enabled by default. Therefore, database queries may be performed during view rendering. Explicitly configure spring.jpa.open-in-view to disable this warning
[2024-10-29 21:29:04:24499][main] INFO  o.a.coyote.http11.Http11NioProtocol - Starting ProtocolHandler ["http-nio-8080"]
[2024-10-29 21:29:04:24625][main] INFO  o.s.b.w.e.tomcat.TomcatWebServer - Tomcat started on port 8080 (http) with context path '/'
[2024-10-29 21:29:04:24669][main] INFO  z.weather.WeatherApplication - Started WeatherApplication in 22.713 seconds (process running for 25.389)
[2024-10-29 21:29:59:4055][main] INFO  z.weather.WeatherApplication - Starting WeatherApplication using Java 17.0.10 with PID 19292 (C:\dev\zerobase\weather\build\classes\java\main started by khjin in C:\dev\zerobase\weather)
[2024-10-29 21:29:59:4062][main] INFO  z.weather.WeatherApplication - No active profile set, falling back to 1 default profile: "default"
[2024-10-29 21:30:03:8082][main] INFO  o.s.d.r.c.RepositoryConfigurationDelegate - Bootstrapping Spring Data JPA repositories in DEFAULT mode.
[2024-10-29 21:30:03:8428][main] INFO  o.s.d.r.c.RepositoryConfigurationDelegate - Finished Spring Data repository scanning in 315 ms. Found 3 JPA repository interfaces.
[2024-10-29 21:30:06:11357][main] INFO  o.s.b.w.e.tomcat.TomcatWebServer - Tomcat initialized with port 8080 (http)
[2024-10-29 21:30:06:11389][main] INFO  o.a.coyote.http11.Http11NioProtocol - Initializing ProtocolHandler ["http-nio-8080"]
[2024-10-29 21:30:06:11405][main] INFO  o.a.catalina.core.StandardService - Starting service [Tomcat]
[2024-10-29 21:30:06:11405][main] INFO  o.a.catalina.core.StandardEngine - Starting Servlet engine: [Apache Tomcat/10.1.30]
[2024-10-29 21:30:07:11838][main] INFO  o.a.c.c.C.[Tomcat].[localhost].[/] - Initializing Spring embedded WebApplicationContext
[2024-10-29 21:30:07:11844][main] INFO  o.s.b.w.s.c.ServletWebServerApplicationContext - Root WebApplicationContext: initialization completed in 7519 ms
[2024-10-29 21:30:10:15376][main] INFO  com.zaxxer.hikari.HikariDataSource - HikariPool-1 - Starting...
[2024-10-29 21:30:11:15991][main] INFO  com.zaxxer.hikari.pool.HikariPool - HikariPool-1 - Added connection org.mariadb.jdbc.Connection@11b5f4e2
[2024-10-29 21:30:11:15999][main] INFO  com.zaxxer.hikari.HikariDataSource - HikariPool-1 - Start completed.
[2024-10-29 21:30:11:16360][main] INFO  o.h.jpa.internal.util.LogHelper - HHH000204: Processing PersistenceUnitInfo [name: default]
[2024-10-29 21:30:12:16725][main] INFO  org.hibernate.Version - HHH000412: Hibernate ORM core version 6.5.3.Final
[2024-10-29 21:30:12:17038][main] INFO  o.h.c.i.RegionFactoryInitiator - HHH000026: Second-level cache disabled
[2024-10-29 21:30:14:19450][main] INFO  o.s.o.j.p.SpringPersistenceUnitInfo - No LoadTimeWeaver setup: ignoring JPA class transformer
[2024-10-29 21:30:15:19869][main] WARN  org.hibernate.orm.deprecation - HHH90000025: MySQLDialect does not need to be specified explicitly using 'hibernate.dialect' (remove the property setting and it will be selected by default)
[2024-10-29 21:30:19:24400][main] INFO  o.h.e.t.j.p.i.JtaPlatformInitiator - HHH000489: No JTA platform available (set 'hibernate.transaction.jta.platform' to enable JTA platform integration)
[2024-10-29 21:30:19:24412][main] INFO  o.s.o.j.LocalContainerEntityManagerFactoryBean - Initialized JPA EntityManagerFactory for persistence unit 'default'
[2024-10-29 21:30:22:26867][main] WARN  o.s.b.a.o.j.JpaBaseConfiguration$JpaWebConfiguration - spring.jpa.open-in-view is enabled by default. Therefore, database queries may be performed during view rendering. Explicitly configure spring.jpa.open-in-view to disable this warning
[2024-10-29 21:30:25:30261][main] INFO  o.a.coyote.http11.Http11NioProtocol - Starting ProtocolHandler ["http-nio-8080"]
[2024-10-29 21:30:25:30367][main] INFO  o.s.b.w.e.tomcat.TomcatWebServer - Tomcat started on port 8080 (http) with context path '/'
[2024-10-29 21:30:25:30477][main] INFO  z.weather.WeatherApplication - Started WeatherApplication in 29.488 seconds (process running for 31.32)
[2024-10-29 21:31:56:121666][http-nio-8080-exec-1] INFO  o.a.c.c.C.[Tomcat].[localhost].[/] - Initializing Spring DispatcherServlet 'dispatcherServlet'
[2024-10-29 21:31:56:121668][http-nio-8080-exec-1] INFO  o.s.web.servlet.DispatcherServlet - Initializing Servlet 'dispatcherServlet'
[2024-10-29 21:31:56:121671][http-nio-8080-exec-1] INFO  o.s.web.servlet.DispatcherServlet - Completed initialization in 3 ms
[2024-10-29 21:32:01:125981][http-nio-8080-exec-9] INFO  o.s.api.AbstractOpenApiResource - Init duration for springdoc-openapi is: 2125 ms
[2024-10-29 22:02:59:3373][main] INFO  z.weather.WeatherApplication - Starting WeatherApplication using Java 17.0.10 with PID 17768 (C:\dev\zerobase\weather\build\classes\java\main started by khjin in C:\dev\zerobase\weather)
[2024-10-29 22:02:59:3384][main] INFO  z.weather.WeatherApplication - No active profile set, falling back to 1 default profile: "default"
[2024-10-29 22:03:03:7102][main] INFO  o.s.d.r.c.RepositoryConfigurationDelegate - Bootstrapping Spring Data JPA repositories in DEFAULT mode.
[2024-10-29 22:03:03:7395][main] INFO  o.s.d.r.c.RepositoryConfigurationDelegate - Finished Spring Data repository scanning in 259 ms. Found 3 JPA repository interfaces.
[2024-10-29 22:03:06:10128][main] INFO  o.s.b.w.e.tomcat.TomcatWebServer - Tomcat initialized with port 8080 (http)
[2024-10-29 22:03:06:10167][main] INFO  o.a.coyote.http11.Http11NioProtocol - Initializing ProtocolHandler ["http-nio-8080"]
[2024-10-29 22:03:06:10184][main] INFO  o.a.catalina.core.StandardService - Starting service [Tomcat]
[2024-10-29 22:03:06:10184][main] INFO  o.a.catalina.core.StandardEngine - Starting Servlet engine: [Apache Tomcat/10.1.30]
[2024-10-29 22:03:06:10562][main] INFO  o.a.c.c.C.[Tomcat].[localhost].[/] - Initializing Spring embedded WebApplicationContext
[2024-10-29 22:03:06:10567][main] INFO  o.s.b.w.s.c.ServletWebServerApplicationContext - Root WebApplicationContext: initialization completed in 6950 ms
[2024-10-29 22:03:07:11156][main] INFO  com.zaxxer.hikari.HikariDataSource - HikariPool-1 - Starting...
[2024-10-29 22:03:08:12074][main] INFO  com.zaxxer.hikari.pool.HikariPool - HikariPool-1 - Added connection org.mariadb.jdbc.Connection@66e827a8
[2024-10-29 22:03:08:12081][main] INFO  com.zaxxer.hikari.HikariDataSource - HikariPool-1 - Start completed.
[2024-10-29 22:03:08:12475][main] INFO  o.h.jpa.internal.util.LogHelper - HHH000204: Processing PersistenceUnitInfo [name: default]
[2024-10-29 22:03:09:13029][main] INFO  org.hibernate.Version - HHH000412: Hibernate ORM core version 6.5.3.Final
[2024-10-29 22:03:09:13251][main] INFO  o.h.c.i.RegionFactoryInitiator - HHH000026: Second-level cache disabled
[2024-10-29 22:03:11:14985][main] INFO  o.s.o.j.p.SpringPersistenceUnitInfo - No LoadTimeWeaver setup: ignoring JPA class transformer
[2024-10-29 22:03:11:15265][main] WARN  org.hibernate.orm.deprecation - HHH90000025: MySQLDialect does not need to be specified explicitly using 'hibernate.dialect' (remove the property setting and it will be selected by default)
[2024-10-29 22:03:14:18631][main] INFO  o.h.e.t.j.p.i.JtaPlatformInitiator - HHH000489: No JTA platform available (set 'hibernate.transaction.jta.platform' to enable JTA platform integration)
[2024-10-29 22:03:14:18638][main] INFO  o.s.o.j.LocalContainerEntityManagerFactoryBean - Initialized JPA EntityManagerFactory for persistence unit 'default'
[2024-10-29 22:03:16:20398][main] WARN  o.s.b.a.o.j.JpaBaseConfiguration$JpaWebConfiguration - spring.jpa.open-in-view is enabled by default. Therefore, database queries may be performed during view rendering. Explicitly configure spring.jpa.open-in-view to disable this warning
[2024-10-29 22:03:18:21873][main] INFO  o.a.coyote.http11.Http11NioProtocol - Starting ProtocolHandler ["http-nio-8080"]
[2024-10-29 22:03:18:21964][main] INFO  o.s.b.w.e.tomcat.TomcatWebServer - Tomcat started on port 8080 (http) with context path '/'
[2024-10-29 22:03:18:22013][main] INFO  z.weather.WeatherApplication - Started WeatherApplication in 21.061 seconds (process running for 23.144)
[2024-10-29 22:04:10:73808][http-nio-8080-exec-5] INFO  o.a.c.c.C.[Tomcat].[localhost].[/] - Initializing Spring DispatcherServlet 'dispatcherServlet'
[2024-10-29 22:04:10:73809][http-nio-8080-exec-5] INFO  o.s.web.servlet.DispatcherServlet - Initializing Servlet 'dispatcherServlet'
[2024-10-29 22:04:10:73816][http-nio-8080-exec-5] INFO  o.s.web.servlet.DispatcherServlet - Completed initialization in 4 ms
[2024-10-29 22:04:16:79729][http-nio-8080-exec-7] INFO  o.s.api.AbstractOpenApiResource - Init duration for springdoc-openapi is: 2777 ms
[2024-10-29 22:23:46:4176][main] INFO  z.weather.WeatherApplication - Starting WeatherApplication using Java 17.0.10 with PID 26396 (C:\dev\zerobase\weather\build\classes\java\main started by khjin in C:\dev\zerobase\weather)
[2024-10-29 22:23:46:4183][main] INFO  z.weather.WeatherApplication - No active profile set, falling back to 1 default profile: "default"
[2024-10-29 22:23:50:8884][main] INFO  o.s.d.r.c.RepositoryConfigurationDelegate - Bootstrapping Spring Data JPA repositories in DEFAULT mode.
[2024-10-29 22:23:51:9369][main] INFO  o.s.d.r.c.RepositoryConfigurationDelegate - Finished Spring Data repository scanning in 429 ms. Found 3 JPA repository interfaces.
[2024-10-29 22:23:55:13298][main] INFO  o.s.b.w.e.tomcat.TomcatWebServer - Tomcat initialized with port 8080 (http)
[2024-10-29 22:23:55:13358][main] INFO  o.a.coyote.http11.Http11NioProtocol - Initializing ProtocolHandler ["http-nio-8080"]
[2024-10-29 22:23:55:13380][main] INFO  o.a.catalina.core.StandardService - Starting service [Tomcat]
[2024-10-29 22:23:55:13382][main] INFO  o.a.catalina.core.StandardEngine - Starting Servlet engine: [Apache Tomcat/10.1.30]
[2024-10-29 22:23:56:14707][main] INFO  o.a.c.c.C.[Tomcat].[localhost].[/] - Initializing Spring embedded WebApplicationContext
[2024-10-29 22:23:56:14715][main] INFO  o.s.b.w.s.c.ServletWebServerApplicationContext - Root WebApplicationContext: initialization completed in 10304 ms
[2024-10-29 22:23:57:15948][main] INFO  com.zaxxer.hikari.HikariDataSource - HikariPool-1 - Starting...
[2024-10-29 22:23:58:16803][main] INFO  com.zaxxer.hikari.pool.HikariPool - HikariPool-1 - Added connection org.mariadb.jdbc.Connection@21a46ff1
[2024-10-29 22:23:58:16810][main] INFO  com.zaxxer.hikari.HikariDataSource - HikariPool-1 - Start completed.
[2024-10-29 22:23:59:17328][main] INFO  o.h.jpa.internal.util.LogHelper - HHH000204: Processing PersistenceUnitInfo [name: default]
[2024-10-29 22:23:59:17784][main] INFO  org.hibernate.Version - HHH000412: Hibernate ORM core version 6.5.3.Final
[2024-10-29 22:23:59:18027][main] INFO  o.h.c.i.RegionFactoryInitiator - HHH000026: Second-level cache disabled
[2024-10-29 22:24:02:20950][main] INFO  o.s.o.j.p.SpringPersistenceUnitInfo - No LoadTimeWeaver setup: ignoring JPA class transformer
[2024-10-29 22:24:03:21319][main] WARN  org.hibernate.orm.deprecation - HHH90000025: MySQLDialect does not need to be specified explicitly using 'hibernate.dialect' (remove the property setting and it will be selected by default)
[2024-10-29 22:24:07:25413][main] INFO  o.h.e.t.j.p.i.JtaPlatformInitiator - HHH000489: No JTA platform available (set 'hibernate.transaction.jta.platform' to enable JTA platform integration)
[2024-10-29 22:24:07:25441][main] INFO  o.s.o.j.LocalContainerEntityManagerFactoryBean - Initialized JPA EntityManagerFactory for persistence unit 'default'
[2024-10-29 22:24:12:30933][main] WARN  o.s.b.a.o.j.JpaBaseConfiguration$JpaWebConfiguration - spring.jpa.open-in-view is enabled by default. Therefore, database queries may be performed during view rendering. Explicitly configure spring.jpa.open-in-view to disable this warning
[2024-10-29 22:24:16:34483][main] INFO  o.a.coyote.http11.Http11NioProtocol - Starting ProtocolHandler ["http-nio-8080"]
[2024-10-29 22:24:16:34715][main] INFO  o.s.b.w.e.tomcat.TomcatWebServer - Tomcat started on port 8080 (http) with context path '/'
[2024-10-29 22:24:16:34904][main] INFO  z.weather.WeatherApplication - Started WeatherApplication in 33.577 seconds (process running for 36.562)
[2024-10-29 22:29:03:321734][http-nio-8080-exec-1] INFO  o.a.c.c.C.[Tomcat].[localhost].[/] - Initializing Spring DispatcherServlet 'dispatcherServlet'
[2024-10-29 22:29:03:321739][http-nio-8080-exec-1] INFO  o.s.web.servlet.DispatcherServlet - Initializing Servlet 'dispatcherServlet'
[2024-10-29 22:29:03:321759][http-nio-8080-exec-1] INFO  o.s.web.servlet.DispatcherServlet - Completed initialization in 17 ms
[2024-10-29 22:29:08:326827][http-nio-8080-exec-9] INFO  o.s.api.AbstractOpenApiResource - Init duration for springdoc-openapi is: 3062 ms
[2024-10-29 22:43:28:2812][main] INFO  z.weather.WeatherApplication - Starting WeatherApplication using Java 17.0.10 with PID 22148 (C:\dev\zerobase\weather\build\classes\java\main started by khjin in C:\dev\zerobase\weather)
[2024-10-29 22:43:28:2828][main] INFO  z.weather.WeatherApplication - No active profile set, falling back to 1 default profile: "default"
[2024-10-29 22:43:32:6632][main] INFO  o.s.d.r.c.RepositoryConfigurationDelegate - Bootstrapping Spring Data JPA repositories in DEFAULT mode.
[2024-10-29 22:43:32:6981][main] INFO  o.s.d.r.c.RepositoryConfigurationDelegate - Finished Spring Data repository scanning in 309 ms. Found 3 JPA repository interfaces.
[2024-10-29 22:43:35:10053][main] INFO  o.s.b.w.e.tomcat.TomcatWebServer - Tomcat initialized with port 8080 (http)
[2024-10-29 22:43:35:10107][main] INFO  o.a.coyote.http11.Http11NioProtocol - Initializing ProtocolHandler ["http-nio-8080"]
[2024-10-29 22:43:35:10134][main] INFO  o.a.catalina.core.StandardService - Starting service [Tomcat]
[2024-10-29 22:43:35:10135][main] INFO  o.a.catalina.core.StandardEngine - Starting Servlet engine: [Apache Tomcat/10.1.30]
[2024-10-29 22:43:36:10609][main] INFO  o.a.c.c.C.[Tomcat].[localhost].[/] - Initializing Spring embedded WebApplicationContext
[2024-10-29 22:43:36:10612][main] INFO  o.s.b.w.s.c.ServletWebServerApplicationContext - Root WebApplicationContext: initialization completed in 7557 ms
[2024-10-29 22:43:37:11201][main] INFO  com.zaxxer.hikari.HikariDataSource - HikariPool-1 - Starting...
[2024-10-29 22:43:37:12157][main] INFO  com.zaxxer.hikari.pool.HikariPool - HikariPool-1 - Added connection org.mariadb.jdbc.Connection@30922f8d
[2024-10-29 22:43:38:12165][main] INFO  com.zaxxer.hikari.HikariDataSource - HikariPool-1 - Start completed.
[2024-10-29 22:43:38:12418][main] INFO  o.h.jpa.internal.util.LogHelper - HHH000204: Processing PersistenceUnitInfo [name: default]
[2024-10-29 22:43:38:12978][main] INFO  org.hibernate.Version - HHH000412: Hibernate ORM core version 6.5.3.Final
[2024-10-29 22:43:39:13272][main] INFO  o.h.c.i.RegionFactoryInitiator - HHH000026: Second-level cache disabled
[2024-10-29 22:43:41:15176][main] INFO  o.s.o.j.p.SpringPersistenceUnitInfo - No LoadTimeWeaver setup: ignoring JPA class transformer
[2024-10-29 22:43:41:15462][main] WARN  org.hibernate.orm.deprecation - HHH90000025: MySQLDialect does not need to be specified explicitly using 'hibernate.dialect' (remove the property setting and it will be selected by default)
[2024-10-29 22:43:44:19106][main] INFO  o.h.e.t.j.p.i.JtaPlatformInitiator - HHH000489: No JTA platform available (set 'hibernate.transaction.jta.platform' to enable JTA platform integration)
[2024-10-29 22:43:44:19124][main] INFO  o.s.o.j.LocalContainerEntityManagerFactoryBean - Initialized JPA EntityManagerFactory for persistence unit 'default'
[2024-10-29 22:43:46:21155][main] WARN  o.s.b.a.o.j.JpaBaseConfiguration$JpaWebConfiguration - spring.jpa.open-in-view is enabled by default. Therefore, database queries may be performed during view rendering. Explicitly configure spring.jpa.open-in-view to disable this warning
[2024-10-29 22:43:48:22680][main] INFO  o.a.coyote.http11.Http11NioProtocol - Starting ProtocolHandler ["http-nio-8080"]
[2024-10-29 22:43:48:22752][main] INFO  o.s.b.w.e.tomcat.TomcatWebServer - Tomcat started on port 8080 (http) with context path '/'
[2024-10-29 22:43:48:22792][main] INFO  z.weather.WeatherApplication - Started WeatherApplication in 22.117 seconds (process running for 23.745)
[2024-10-29 22:50:08:4801][main] INFO  z.weather.WeatherApplication - Starting WeatherApplication using Java 17.0.10 with PID 28976 (C:\dev\zerobase\weather\build\classes\java\main started by khjin in C:\dev\zerobase\weather)
[2024-10-29 22:50:08:4811][main] INFO  z.weather.WeatherApplication - No active profile set, falling back to 1 default profile: "default"
[2024-10-29 22:50:14:10493][main] INFO  o.s.d.r.c.RepositoryConfigurationDelegate - Bootstrapping Spring Data JPA repositories in DEFAULT mode.
[2024-10-29 22:50:14:10803][main] INFO  o.s.d.r.c.RepositoryConfigurationDelegate - Finished Spring Data repository scanning in 276 ms. Found 3 JPA repository interfaces.
[2024-10-29 22:50:18:14980][main] INFO  o.s.b.w.e.tomcat.TomcatWebServer - Tomcat initialized with port 8080 (http)
[2024-10-29 22:50:18:15021][main] INFO  o.a.coyote.http11.Http11NioProtocol - Initializing ProtocolHandler ["http-nio-8080"]
[2024-10-29 22:50:18:15040][main] INFO  o.a.catalina.core.StandardService - Starting service [Tomcat]
[2024-10-29 22:50:18:15041][main] INFO  o.a.catalina.core.StandardEngine - Starting Servlet engine: [Apache Tomcat/10.1.30]
[2024-10-29 22:50:19:15544][main] INFO  o.a.c.c.C.[Tomcat].[localhost].[/] - Initializing Spring embedded WebApplicationContext
[2024-10-29 22:50:19:15548][main] INFO  o.s.b.w.s.c.ServletWebServerApplicationContext - Root WebApplicationContext: initialization completed in 10500 ms
[2024-10-29 22:50:19:16241][main] INFO  com.zaxxer.hikari.HikariDataSource - HikariPool-1 - Starting...
[2024-10-29 22:50:20:16614][main] INFO  com.zaxxer.hikari.pool.HikariPool - HikariPool-1 - Added connection org.mariadb.jdbc.Connection@35bd8bc9
[2024-10-29 22:50:20:16620][main] INFO  com.zaxxer.hikari.HikariDataSource - HikariPool-1 - Start completed.
[2024-10-29 22:50:20:16801][main] INFO  o.h.jpa.internal.util.LogHelper - HHH000204: Processing PersistenceUnitInfo [name: default]
[2024-10-29 22:50:20:17227][main] INFO  org.hibernate.Version - HHH000412: Hibernate ORM core version 6.5.3.Final
[2024-10-29 22:50:20:17410][main] INFO  o.h.c.i.RegionFactoryInitiator - HHH000026: Second-level cache disabled
[2024-10-29 22:50:22:18940][main] INFO  o.s.o.j.p.SpringPersistenceUnitInfo - No LoadTimeWeaver setup: ignoring JPA class transformer
[2024-10-29 22:50:22:19258][main] WARN  org.hibernate.orm.deprecation - HHH90000025: MySQLDialect does not need to be specified explicitly using 'hibernate.dialect' (remove the property setting and it will be selected by default)
[2024-10-29 22:50:26:22815][main] INFO  o.h.e.t.j.p.i.JtaPlatformInitiator - HHH000489: No JTA platform available (set 'hibernate.transaction.jta.platform' to enable JTA platform integration)
[2024-10-29 22:50:26:22827][main] INFO  o.s.o.j.LocalContainerEntityManagerFactoryBean - Initialized JPA EntityManagerFactory for persistence unit 'default'
[2024-10-29 22:50:28:25348][main] WARN  o.s.b.a.o.j.JpaBaseConfiguration$JpaWebConfiguration - spring.jpa.open-in-view is enabled by default. Therefore, database queries may be performed during view rendering. Explicitly configure spring.jpa.open-in-view to disable this warning
[2024-10-29 22:50:31:27715][main] INFO  o.a.coyote.http11.Http11NioProtocol - Starting ProtocolHandler ["http-nio-8080"]
[2024-10-29 22:50:31:27800][main] INFO  o.s.b.w.e.tomcat.TomcatWebServer - Tomcat started on port 8080 (http) with context path '/'
[2024-10-29 22:50:31:27853][main] INFO  z.weather.WeatherApplication - Started WeatherApplication in 26.776 seconds (process running for 29.447)
[2024-10-29 22:50:45:41642][http-nio-8080-exec-1] INFO  o.a.c.c.C.[Tomcat].[localhost].[/] - Initializing Spring DispatcherServlet 'dispatcherServlet'
[2024-10-29 22:50:45:41643][http-nio-8080-exec-1] INFO  o.s.web.servlet.DispatcherServlet - Initializing Servlet 'dispatcherServlet'
[2024-10-29 22:50:45:41648][http-nio-8080-exec-1] INFO  o.s.web.servlet.DispatcherServlet - Completed initialization in 4 ms
[2024-10-29 22:50:50:47347][http-nio-8080-exec-10] INFO  o.s.api.AbstractOpenApiResource - Init duration for springdoc-openapi is: 2509 ms
[2024-10-29 22:55:45:3627][main] INFO  z.weather.WeatherApplication - Starting WeatherApplication using Java 17.0.10 with PID 31144 (C:\dev\zerobase\weather\build\classes\java\main started by khjin in C:\dev\zerobase\weather)
[2024-10-29 22:55:45:3634][main] INFO  z.weather.WeatherApplication - No active profile set, falling back to 1 default profile: "default"
[2024-10-29 22:55:49:8104][main] INFO  o.s.d.r.c.RepositoryConfigurationDelegate - Bootstrapping Spring Data JPA repositories in DEFAULT mode.
[2024-10-29 22:55:49:8321][main] INFO  o.s.d.r.c.RepositoryConfigurationDelegate - Finished Spring Data repository scanning in 175 ms. Found 3 JPA repository interfaces.
[2024-10-29 22:56:08:3556][main] INFO  z.weather.WeatherApplication - Starting WeatherApplication using Java 17.0.10 with PID 26032 (C:\dev\zerobase\weather\build\classes\java\main started by khjin in C:\dev\zerobase\weather)
[2024-10-29 22:56:08:3565][main] INFO  z.weather.WeatherApplication - No active profile set, falling back to 1 default profile: "default"
[2024-10-29 22:56:13:8746][main] INFO  o.s.d.r.c.RepositoryConfigurationDelegate - Bootstrapping Spring Data JPA repositories in DEFAULT mode.
[2024-10-29 22:56:13:9041][main] INFO  o.s.d.r.c.RepositoryConfigurationDelegate - Finished Spring Data repository scanning in 259 ms. Found 3 JPA repository interfaces.
[2024-10-29 22:56:20:16216][main] INFO  o.s.b.w.e.tomcat.TomcatWebServer - Tomcat initialized with port 8080 (http)
[2024-10-29 22:56:20:16273][main] INFO  o.a.coyote.http11.Http11NioProtocol - Initializing ProtocolHandler ["http-nio-8080"]
[2024-10-29 22:56:20:16293][main] INFO  o.a.catalina.core.StandardService - Starting service [Tomcat]
[2024-10-29 22:56:20:16294][main] INFO  o.a.catalina.core.StandardEngine - Starting Servlet engine: [Apache Tomcat/10.1.30]
[2024-10-29 22:56:21:17023][main] INFO  o.a.c.c.C.[Tomcat].[localhost].[/] - Initializing Spring embedded WebApplicationContext
[2024-10-29 22:56:21:17028][main] INFO  o.s.b.w.s.c.ServletWebServerApplicationContext - Root WebApplicationContext: initialization completed in 13229 ms
[2024-10-29 22:56:23:18662][main] INFO  com.zaxxer.hikari.HikariDataSource - HikariPool-1 - Starting...
[2024-10-29 22:56:23:19133][main] INFO  com.zaxxer.hikari.pool.HikariPool - HikariPool-1 - Added connection org.mariadb.jdbc.Connection@60bf494c
[2024-10-29 22:56:23:19146][main] INFO  com.zaxxer.hikari.HikariDataSource - HikariPool-1 - Start completed.
[2024-10-29 22:56:24:19514][main] INFO  o.h.jpa.internal.util.LogHelper - HHH000204: Processing PersistenceUnitInfo [name: default]
[2024-10-29 22:56:24:20132][main] INFO  org.hibernate.Version - HHH000412: Hibernate ORM core version 6.5.3.Final
[2024-10-29 22:56:24:20406][main] INFO  o.h.c.i.RegionFactoryInitiator - HHH000026: Second-level cache disabled
[2024-10-29 22:56:29:24490][main] INFO  o.s.o.j.p.SpringPersistenceUnitInfo - No LoadTimeWeaver setup: ignoring JPA class transformer
[2024-10-29 22:56:29:24776][main] WARN  org.hibernate.orm.deprecation - HHH90000025: MySQLDialect does not need to be specified explicitly using 'hibernate.dialect' (remove the property setting and it will be selected by default)
[2024-10-29 22:56:34:29489][main] INFO  o.h.e.t.j.p.i.JtaPlatformInitiator - HHH000489: No JTA platform available (set 'hibernate.transaction.jta.platform' to enable JTA platform integration)
[2024-10-29 22:56:34:29596][main] INFO  o.s.o.j.LocalContainerEntityManagerFactoryBean - Initialized JPA EntityManagerFactory for persistence unit 'default'
[2024-10-29 22:56:36:32156][main] WARN  o.s.b.a.o.j.JpaBaseConfiguration$JpaWebConfiguration - spring.jpa.open-in-view is enabled by default. Therefore, database queries may be performed during view rendering. Explicitly configure spring.jpa.open-in-view to disable this warning
[2024-10-29 22:56:38:33833][main] INFO  o.a.coyote.http11.Http11NioProtocol - Starting ProtocolHandler ["http-nio-8080"]
[2024-10-29 22:56:38:33953][main] INFO  o.s.b.w.e.tomcat.TomcatWebServer - Tomcat started on port 8080 (http) with context path '/'
[2024-10-29 22:56:38:34128][main] INFO  z.weather.WeatherApplication - Started WeatherApplication in 33.22 seconds (process running for 35.495)
[2024-10-29 22:56:57:53332][http-nio-8080-exec-2] INFO  o.a.c.c.C.[Tomcat].[localhost].[/] - Initializing Spring DispatcherServlet 'dispatcherServlet'
[2024-10-29 22:56:57:53333][http-nio-8080-exec-2] INFO  o.s.web.servlet.DispatcherServlet - Initializing Servlet 'dispatcherServlet'
[2024-10-29 22:56:57:53337][http-nio-8080-exec-2] INFO  o.s.web.servlet.DispatcherServlet - Completed initialization in 4 ms
[2024-10-29 22:57:01:56651][http-nio-8080-exec-4] INFO  o.s.api.AbstractOpenApiResource - Init duration for springdoc-openapi is: 2069 ms
[2024-10-29 22:58:09:3565][main] INFO  z.weather.WeatherApplication - Starting WeatherApplication using Java 17.0.10 with PID 6208 (C:\dev\zerobase\weather\build\classes\java\main started by khjin in C:\dev\zerobase\weather)
[2024-10-29 22:58:09:3573][main] INFO  z.weather.WeatherApplication - No active profile set, falling back to 1 default profile: "default"
[2024-10-29 22:58:15:9124][main] INFO  o.s.d.r.c.RepositoryConfigurationDelegate - Bootstrapping Spring Data JPA repositories in DEFAULT mode.
[2024-10-29 22:58:15:9483][main] INFO  o.s.d.r.c.RepositoryConfigurationDelegate - Finished Spring Data repository scanning in 324 ms. Found 3 JPA repository interfaces.
[2024-10-29 22:58:18:12658][main] INFO  o.s.b.w.e.tomcat.TomcatWebServer - Tomcat initialized with port 8080 (http)
[2024-10-29 22:58:18:12703][main] INFO  o.a.coyote.http11.Http11NioProtocol - Initializing ProtocolHandler ["http-nio-8080"]
[2024-10-29 22:58:18:12727][main] INFO  o.a.catalina.core.StandardService - Starting service [Tomcat]
[2024-10-29 22:58:18:12728][main] INFO  o.a.catalina.core.StandardEngine - Starting Servlet engine: [Apache Tomcat/10.1.30]
[2024-10-29 22:58:19:13256][main] INFO  o.a.c.c.C.[Tomcat].[localhost].[/] - Initializing Spring embedded WebApplicationContext
[2024-10-29 22:58:19:13262][main] INFO  o.s.b.w.s.c.ServletWebServerApplicationContext - Root WebApplicationContext: initialization completed in 9125 ms
[2024-10-29 22:58:20:14825][main] INFO  com.zaxxer.hikari.HikariDataSource - HikariPool-1 - Starting...
[2024-10-29 22:58:21:15286][main] INFO  com.zaxxer.hikari.pool.HikariPool - HikariPool-1 - Added connection org.mariadb.jdbc.Connection@36f6e521
[2024-10-29 22:58:21:15294][main] INFO  com.zaxxer.hikari.HikariDataSource - HikariPool-1 - Start completed.
[2024-10-29 22:58:21:15596][main] INFO  o.h.jpa.internal.util.LogHelper - HHH000204: Processing PersistenceUnitInfo [name: default]
[2024-10-29 22:58:21:15957][main] INFO  org.hibernate.Version - HHH000412: Hibernate ORM core version 6.5.3.Final
[2024-10-29 22:58:22:16136][main] INFO  o.h.c.i.RegionFactoryInitiator - HHH000026: Second-level cache disabled
[2024-10-29 22:58:23:17603][main] INFO  o.s.o.j.p.SpringPersistenceUnitInfo - No LoadTimeWeaver setup: ignoring JPA class transformer
[2024-10-29 22:58:23:17869][main] WARN  org.hibernate.orm.deprecation - HHH90000025: MySQLDialect does not need to be specified explicitly using 'hibernate.dialect' (remove the property setting and it will be selected by default)
[2024-10-29 22:58:27:21426][main] INFO  o.h.e.t.j.p.i.JtaPlatformInitiator - HHH000489: No JTA platform available (set 'hibernate.transaction.jta.platform' to enable JTA platform integration)
[2024-10-29 22:58:27:21437][main] INFO  o.s.o.j.LocalContainerEntityManagerFactoryBean - Initialized JPA EntityManagerFactory for persistence unit 'default'
[2024-10-29 22:58:29:24065][main] WARN  o.s.b.a.o.j.JpaBaseConfiguration$JpaWebConfiguration - spring.jpa.open-in-view is enabled by default. Therefore, database queries may be performed during view rendering. Explicitly configure spring.jpa.open-in-view to disable this warning
[2024-10-29 22:58:32:26960][main] INFO  o.a.coyote.http11.Http11NioProtocol - Starting ProtocolHandler ["http-nio-8080"]
[2024-10-29 22:58:33:27096][main] INFO  o.s.b.w.e.tomcat.TomcatWebServer - Tomcat started on port 8080 (http) with context path '/'
[2024-10-29 22:58:33:27149][main] INFO  z.weather.WeatherApplication - Started WeatherApplication in 26.396 seconds (process running for 27.989)
[2024-10-29 23:00:21:135634][http-nio-8080-exec-1] INFO  o.a.c.c.C.[Tomcat].[localhost].[/] - Initializing Spring DispatcherServlet 'dispatcherServlet'
[2024-10-29 23:00:21:135635][http-nio-8080-exec-1] INFO  o.s.web.servlet.DispatcherServlet - Initializing Servlet 'dispatcherServlet'
[2024-10-29 23:00:21:135639][http-nio-8080-exec-1] INFO  o.s.web.servlet.DispatcherServlet - Completed initialization in 3 ms
[2024-10-29 23:00:24:138550][http-nio-8080-exec-9] INFO  o.s.api.AbstractOpenApiResource - Init duration for springdoc-openapi is: 1903 ms
[2024-10-29 23:05:29:3318][main] INFO  z.weather.WeatherApplication - Starting WeatherApplication using Java 17.0.10 with PID 31656 (C:\dev\zerobase\weather\build\classes\java\main started by khjin in C:\dev\zerobase\weather)
[2024-10-29 23:05:29:3344][main] INFO  z.weather.WeatherApplication - No active profile set, falling back to 1 default profile: "default"
[2024-10-29 23:05:33:7620][main] INFO  o.s.d.r.c.RepositoryConfigurationDelegate - Bootstrapping Spring Data JPA repositories in DEFAULT mode.
[2024-10-29 23:05:34:7863][main] INFO  o.s.d.r.c.RepositoryConfigurationDelegate - Finished Spring Data repository scanning in 210 ms. Found 3 JPA repository interfaces.
[2024-10-29 23:05:36:10277][main] INFO  o.s.b.w.e.tomcat.TomcatWebServer - Tomcat initialized with port 8080 (http)
[2024-10-29 23:05:36:10318][main] INFO  o.a.coyote.http11.Http11NioProtocol - Initializing ProtocolHandler ["http-nio-8080"]
[2024-10-29 23:05:36:10334][main] INFO  o.a.catalina.core.StandardService - Starting service [Tomcat]
[2024-10-29 23:05:36:10334][main] INFO  o.a.catalina.core.StandardEngine - Starting Servlet engine: [Apache Tomcat/10.1.30]
[2024-10-29 23:05:37:10747][main] INFO  o.a.c.c.C.[Tomcat].[localhost].[/] - Initializing Spring embedded WebApplicationContext
[2024-10-29 23:05:37:10751][main] INFO  o.s.b.w.s.c.ServletWebServerApplicationContext - Root WebApplicationContext: initialization completed in 7019 ms
[2024-10-29 23:05:37:11386][main] INFO  com.zaxxer.hikari.HikariDataSource - HikariPool-1 - Starting...
[2024-10-29 23:05:38:11827][main] INFO  com.zaxxer.hikari.pool.HikariPool - HikariPool-1 - Added connection org.mariadb.jdbc.Connection@36f6e521
[2024-10-29 23:05:38:11835][main] INFO  com.zaxxer.hikari.HikariDataSource - HikariPool-1 - Start completed.
[2024-10-29 23:05:38:12085][main] INFO  o.h.jpa.internal.util.LogHelper - HHH000204: Processing PersistenceUnitInfo [name: default]
[2024-10-29 23:05:38:12441][main] INFO  org.hibernate.Version - HHH000412: Hibernate ORM core version 6.5.3.Final
[2024-10-29 23:05:38:12606][main] INFO  o.h.c.i.RegionFactoryInitiator - HHH000026: Second-level cache disabled
[2024-10-29 23:05:40:14005][main] INFO  o.s.o.j.p.SpringPersistenceUnitInfo - No LoadTimeWeaver setup: ignoring JPA class transformer
[2024-10-29 23:05:40:14240][main] WARN  org.hibernate.orm.deprecation - HHH90000025: MySQLDialect does not need to be specified explicitly using 'hibernate.dialect' (remove the property setting and it will be selected by default)
[2024-10-29 23:05:45:18922][main] INFO  o.h.e.t.j.p.i.JtaPlatformInitiator - HHH000489: No JTA platform available (set 'hibernate.transaction.jta.platform' to enable JTA platform integration)
[2024-10-29 23:05:45:18933][main] INFO  o.s.o.j.LocalContainerEntityManagerFactoryBean - Initialized JPA EntityManagerFactory for persistence unit 'default'
[2024-10-29 23:05:47:20902][main] WARN  o.s.b.a.o.j.JpaBaseConfiguration$JpaWebConfiguration - spring.jpa.open-in-view is enabled by default. Therefore, database queries may be performed during view rendering. Explicitly configure spring.jpa.open-in-view to disable this warning
[2024-10-29 23:05:48:22697][main] INFO  o.a.coyote.http11.Http11NioProtocol - Starting ProtocolHandler ["http-nio-8080"]
[2024-10-29 23:05:49:22778][main] INFO  o.s.b.w.e.tomcat.TomcatWebServer - Tomcat started on port 8080 (http) with context path '/'
[2024-10-29 23:05:49:22843][main] INFO  z.weather.WeatherApplication - Started WeatherApplication in 22.191 seconds (process running for 24.196)
[2024-10-29 23:05:56:29978][http-nio-8080-exec-1] INFO  o.a.c.c.C.[Tomcat].[localhost].[/] - Initializing Spring DispatcherServlet 'dispatcherServlet'
[2024-10-29 23:05:56:29979][http-nio-8080-exec-1] INFO  o.s.web.servlet.DispatcherServlet - Initializing Servlet 'dispatcherServlet'
[2024-10-29 23:05:56:29983][http-nio-8080-exec-1] INFO  o.s.web.servlet.DispatcherServlet - Completed initialization in 3 ms
[2024-10-29 23:06:00:34230][http-nio-8080-exec-3] INFO  o.s.api.AbstractOpenApiResource - Init duration for springdoc-openapi is: 2764 ms
[2024-10-29 23:08:33:187672][http-nio-8080-exec-6] INFO  z.weather.WeatherApplication - started to create diary
[2024-10-29 23:08:35:189624][http-nio-8080-exec-6] INFO  z.weather.WeatherApplication - end to create diary
